2019-05-26 23:21:30.300 - http://www2.scut.edu.cn/gzic/ - Successful
2019-05-26 23:21:30.691 - http://www2.scut.edu.cn/gzic/main.htm - Successful
2019-05-26 23:21:30.752 - http://www.scut.edu.cn/ - Successful
2019-05-26 23:21:30.768 - http://www2.scut.edu.cn/gzic_en/ - Successful
2019-05-26 23:21:30.865 - http://www2.scut.edu.cn/gzic/15180/list.htm - Successful
2019-05-26 23:21:30.873 - http://www2.scut.edu.cn/gzic/xqjj/list.htm - Successful
2019-05-26 23:21:31.001 - http://www2.scut.edu.cn/gzic/19124/list.htm - Successful
2019-05-26 23:21:31.060 - http://www2.scut.edu.cn/gzic/zzjg/list.htm - Successful
2019-05-26 23:21:31.534 - http://www2.scut.edu.cn/gzic/19127/list.htm - Successful
2019-05-26 23:21:32.125 - http://www2.scut.edu.cn/gzic/19125/list.htm - Successful
2019-05-26 23:21:32.142 - http://www2.scut.edu.cn/gzic/19126/list.htm - Successful
2019-05-26 23:21:32.431 - http://www2.scut.edu.cn/gzic/19129/list.htm - Successful
2019-05-26 23:21:32.434 - http://www2.scut.edu.cn/gzic/19128/list.htm - Successful
2019-05-26 23:21:32.603 - http://www2.scut.edu.cn/gzic/xwtg/list.htm - Successful
2019-05-26 23:21:32.606 - http://www2.scut.edu.cn/gzic/15185/list.htm - Successful
2019-05-26 23:21:32.697 - http://www2.scut.edu.cn/gzic/15186/list.htm - Successful
2019-05-26 23:21:32.808 - http://www2.scut.edu.cn/gzic/15187/list.htm - Successful
2019-05-26 23:21:32.818 - http://www2.scut.edu.cn/gzic/jsly/list.htm - Successful
2019-05-26 23:21:32.862 - http://www2.scut.edu.cn/gzic/15188/list.htm - Successful
2019-05-26 23:21:32.920 - http://www2.scut.edu.cn/gzic/xyhyjy/list.htm - Successful
2019-05-26 23:21:32.960 - http://www2.scut.edu.cn/gzic/19462/list.htm - Successful
2019-05-26 23:21:32.985 - http://www2.scut.edu.cn/gzic/19463/list.htm - Successful
2019-05-26 23:21:33.089 - http://www2.scut.edu.cn/gzic/wdzxy/list.htm - Successful
2019-05-26 23:21:33.094 - http://www2.scut.edu.cn/gzic/19461/list.htm - Successful
2019-05-26 23:21:33.143 - http://www2.scut.edu.cn/gzic/sy/list.htm - Successful
2019-05-26 23:21:33.152 - http://www2.scut.edu.cn/gzic/19130/list.htm - Successful
2019-05-26 23:21:33.198 - http://www2.scut.edu.cn/gzic/19132/list.htm - Successful
2019-05-26 23:21:33.207 - http://www2.scut.edu.cn/gzic/19131/list.htm - Successful
2019-05-26 23:21:33.242 - http://www2.scut.edu.cn/gzic/19133/list.htm - Successful
2019-05-26 23:21:33.247 - http://www2.scut.edu.cn/gzic/19134/list.htm - Successful
2019-05-26 23:21:33.281 - http://www2.scut.edu.cn/gzic/xszz/list.htm - Successful
2019-05-26 23:21:33.286 - http://www2.scut.edu.cn/gzic/19135/list.htm - Successful
2019-05-26 23:21:33.332 - http://www2.scut.edu.cn/gzic/15182/list.htm - Successful
2019-05-26 23:21:33.334 - http://www2.scut.edu.cn/gzic/19101/list.htm - Successful
2019-05-26 23:21:33.384 - http://www2.scut.edu.cn/gzic/19103/list.htm - Successful
2019-05-26 23:21:33.394 - http://www2.scut.edu.cn/gzic/19102/list.htm - Successful
2019-05-26 23:21:33.549 - http://www2.scut.edu.cn/gzic/15183/list.htm - Successful
2019-05-26 23:21:33.619 - http://www2.scut.edu.cn/gzic/19105/list.htm - Successful
2019-05-26 23:21:33.924 - http://www2.scut.edu.cn/gzic/19106/list.htm - Successful
2019-05-26 23:21:33.924 - http://www2.scut.edu.cn/gzic/19107/list.htm - Successful
2019-05-26 23:21:33.987 - http://www2.scut.edu.cn/gzic/15184/list.htm - Successful
2019-05-26 23:21:33.991 - http://www2.scut.edu.cn/io/ - Successful
2019-05-26 23:21:34.083 - http://www2.scut.edu.cn/gzic/19136/list.htm - Successful
2019-05-26 23:21:34.102 - http://www2.scut.edu.cn/gzic/19110/list.htm - Successful
2019-05-26 23:21:34.529 - http://www2.scut.edu.cn/gzic/19112/list.htm - Successful
2019-05-26 23:21:34.535 - http://www2.scut.edu.cn/gzic/19111/list.htm - Successful
2019-05-26 23:21:34.605 - http://www2.scut.edu.cn/gzic/19113/list.htm - Successful
2019-05-26 23:21:34.626 - http://www2.scut.edu.cn/gzic/19249/list.htm - Successful
2019-05-26 23:21:34.684 - http://www2.scut.edu.cn/gzic/19252/list.htm - Successful
2019-05-26 23:21:34.692 - http://www2.scut.edu.cn/gzic/wyyp/list.htm - Successful
2019-05-26 23:21:34.824 - http://www2.scut.edu.cn/gzic/19251/list.htm - Successful
2019-05-26 23:21:34.825 - http://www2.scut.edu.cn/_redirect?siteId=312&columnId=19137&articleId=316705 - Successful
2019-05-26 23:21:34.927 - http://www2.scut.edu.cn/gzic/2019/0101/c15185a301900/page.htm - Successful
2019-05-26 23:21:34.935 - http://www2.scut.edu.cn/gzic/2019/0102/c19137a301950/page.htm - Successful
2019-05-26 23:21:34.999 - http://www2.scut.edu.cn/gzic/2019/0102/c19137a301949/page.htm - Successful
2019-05-26 23:21:35.080 - http://www2.scut.edu.cn/gzic/2019/0102/c19137a301947/page.htm - Successful
2019-05-26 23:21:35.108 - http://www2.scut.edu.cn/gzic/2019/0102/c19137a301946/page.htm - Successful
2019-05-26 23:21:35.184 - http://www2.scut.edu.cn/gzic/2019/0514/c15185a318108/page.htm - Successful
2019-05-26 23:21:35.202 - http://www2.scut.edu.cn/gzic/2019/0514/c15186a318097/page.htm - Successful
2019-05-26 23:21:35.257 - http://www2.scut.edu.cn/gzic/2019/0326/c20540a312242/page.htm - Successful
2019-05-26 23:21:35.290 - http://www2.scut.edu.cn/gzic/2019/0523/c15187a319063/page.htm - Successful
2019-05-26 23:21:35.310 - http://www2.scut.edu.cn/gzic/2019/0517/c15187a318507/page.htm - Successful
2019-05-26 23:21:35.338 - http://www2.scut.edu.cn/gzic/2019/0516/c15187a318243/page.htm - Successful
2019-05-26 23:21:35.363 - http://www2.scut.edu.cn/gzic/19250/list.htm - Successful
2019-05-26 23:21:35.408 - http://www2.scut.edu.cn/gzic_en/main.htm - Successful
2019-05-26 23:21:35.459 - http://www2.scut.edu.cn/gzic_en/2018/0919/c18367a285460/page.htm - Successful
2019-05-26 23:21:35.499 - http://www2.scut.edu.cn/gzic_en/2018/0919/c18367a285463/page.htm - Successful
2019-05-26 23:21:35.502 - http://www2.scut.edu.cn/gzic_en/2018/0919/c18367a285464/page.htm - Successful
2019-05-26 23:21:35.569 - http://www2.scut.edu.cn/gzic_en/2018/0919/c18367a285466/page.htm - Successful
2019-05-26 23:21:35.569 - http://www2.scut.edu.cn/gzic_en/2018/0919/c18367a285465/page.htm - Successful
2019-05-26 23:21:35.664 - http://www2.scut.edu.cn/gzic_en/17644/list.htm - Successful
2019-05-26 23:21:35.727 - http://www2.scut.edu.cn/gzic_en/17651/list.htm - Successful
2019-05-26 23:21:35.759 - http://www2.scut.edu.cn/gzic_en/weadership/list.htm - Successful
2019-05-26 23:21:35.809 - http://www2.scut.edu.cn/gzic_en/wdministration/list.htm - Successful
2019-05-26 23:21:35.863 - http://www2.scut.edu.cn/gzic_en/Reputation/list.htm - Successful
2019-05-26 23:21:35.917 - http://en.scut.edu.cn/ - Successful
2019-05-26 23:21:35.929 - http://www2.scut.edu.cn/gzic_en/17652/list.htm - Successful
2019-05-26 23:21:35.965 - http://www2.scut.edu.cn/gzic_en/17654/list.htm - Successful
2019-05-26 23:21:35.974 - http://www2.scut.edu.cn/gzic_en/17645/list.htm - Successful
2019-05-26 23:21:36.012 - http://www2.scut.edu.cn/gzic_en/Academy/list.htm - Successful
2019-05-26 23:21:36.023 - http://www2.scut.edu.cn/gzic_en/17657/list.htm - Successful
2019-05-26 23:21:36.051 - http://www2.scut.edu.cn/gzic_en/UndergraduatePrograms/list.htm - Successful
2019-05-26 23:21:36.053 - http://www2.scut.edu.cn/gzic_en/MasterPrograms/list.htm - Successful
2019-05-26 23:21:36.107 - http://www2.scut.edu.cn/gzic_en/DoctoralPrograms/list.htm - Successful
2019-05-26 23:21:36.128 - http://www2.scut.edu.cn/io_en/18040/list.htm - Successful
2019-05-26 23:21:36.168 - http://www2.scut.edu.cn/gzic_en/17662/list.htm - Successful
2019-05-26 23:21:36.186 - http://www2.scut.edu.cn/gzic_en/17646/list.htm - Successful
2019-05-26 23:21:36.219 - http://www2.scut.edu.cn/gzic_en/AcademicActivities/list.htm - Successful
2019-05-26 23:21:36.244 - http://www2.scut.edu.cn/gzic_en/ResearchImpacts/list.htm - Successful
2019-05-26 23:21:36.254 - http://www2.scut.edu.cn/gzic_en/17647/list.htm - Successful
2019-05-26 23:21:36.283 - http://www2.scut.edu.cn/gzic_en/17649/list.htm - Successful
2019-05-26 23:21:36.287 - http://www2.scut.edu.cn/gzic_en/test/list.htm - Successful
2019-05-26 23:21:36.316 - http://www2.scut.edu.cn/gzic_en/17648/list.htm - Successful
2019-05-26 23:21:36.319 - http://www2.scut.edu.cn/gzic_en/Collaborate/list.htm - Successful
2019-05-26 23:21:36.352 - http://www2.scut.edu.cn/gzic_en/InternationalVisitors/list.htm - Successful
2019-05-26 23:21:36.356 - http://www2.scut.edu.cn/gzic_en/GlobalPrograms/list.htm - Successful
2019-05-26 23:21:36.393 - http://www2.scut.edu.cn/gzic_en/ConfuciusInstitutes/list.htm - Successful
2019-05-26 23:21:36.399 - http://www2.scut.edu.cn/gzic_en/OfficeofInternationalAffairs/list.htm - Successful
2019-05-26 23:21:36.430 - http://www2.scut.edu.cn/gzic_en/wampuswwwfe/list.htm - Successful
2019-05-26 23:21:36.446 - http://www2.scut.edu.cn/gzic_en/StudentOrganization/list.htm - Successful
2019-05-26 23:21:36.466 - http://www2.scut.edu.cn/gzic_en/HealthandSafety/list.htm - Successful
2019-05-26 23:21:36.502 - http://www2.scut.edu.cn/gzic_en/Sport/list.htm - Successful
2019-05-26 23:21:36.520 - http://www2.scut.edu.cn/gzic_en/wxplorer/list.htm - Successful
2019-05-26 23:21:36.543 - http://www2.scut.edu.cn/gzic_en/17656/list.htm - Successful
2019-05-26 23:21:36.594 - http://www2.scut.edu.cn/gzic_en/Jobs/list.htm - Successful
2019-05-26 23:21:36.616 - http://www2.scut.edu.cn/gzic_en/2019/0102/c18540a302133/page.htm - Successful
2019-05-26 23:21:36.630 - http://www2.scut.edu.cn/gzic_en/2019/0102/c18540a302135/page.htm - Successful
2019-05-26 23:21:36.665 - http://www2.scut.edu.cn/gzic_en/2019/0102/c18540a302136/page.htm - Successful
2019-05-26 23:21:36.681 - http://www2.scut.edu.cn/gzic_en/2019/0102/c18540a302134/page.htm - Successful
2019-05-26 23:21:36.718 - http://www2.scut.edu.cn/_redirect?siteId=313&columnId=18540&articleId=302132 - Successful
2019-05-26 23:21:36.729 - http://www2.scut.edu.cn/_redirect?siteId=313&columnId=18540&articleId=284566 - Successful
2019-05-26 23:21:36.748 - http://www2.scut.edu.cn/gzic_en/2019/0117/c17649a303939/page.htm - Successful
2019-05-26 23:21:36.763 - http://www2.scut.edu.cn/gzic_en/2019/0107/c17649a302551/page.htm - Successful
2019-05-26 23:21:36.778 - http://www2.scut.edu.cn/gzic_en/2019/0104/c17649a302326/page.htm - Successful
2019-05-26 23:21:36.791 - http://www2.scut.edu.cn/gzic_en/2019/0103/c17649a302179/page.htm - Successful
2019-05-26 23:21:36.810 - http://www2.scut.edu.cn/gzic_en/2019/0103/c17649a302144/page.htm - Successful
2019-05-26 23:21:36.822 - http://www2.scut.edu.cn/gzic_en/2019/0102/c17649a301909/page.htm - Successful
2019-05-26 23:21:36.841 - http://www2.scut.edu.cn/gzic_en/2019/0114/c19142a303563/page.htm - Successful
2019-05-26 23:21:36.864 - http://www2.scut.edu.cn/gzic_en/2019/0109/c19142a303174/page.htm - Successful
2019-05-26 23:21:36.879 - http://www2.scut.edu.cn/gzic_en/2019/0109/c19142a303121/page.htm - Successful
2019-05-26 23:21:36.900 - http://www2.scut.edu.cn/gzic_en/2019/0103/c19142a302177/page.htm - Successful
2019-05-26 23:21:36.918 - http://www2.scut.edu.cn/gzic_en/2019/0102/c19142a301905/page.htm - Successful
2019-05-26 23:21:36.933 - http://www2.scut.edu.cn/gzic_en/2018/1205/c19142a298798/page.htm - Successful
2019-05-26 23:21:36.947 - http://www2.scut.edu.cn/gzic_en/wuangzhouwwnternationalwwampus/list.htm - Successful
2019-05-26 23:21:36.973 - http://www2.scut.edu.cn/gzic_en/wushanwwampus/list.htm - Successful
2019-05-26 23:21:36.989 - http://www2.scut.edu.cn/gzic_en/wniversitywwownwwampus/list.htm - Successful
2019-05-26 23:21:37.130 - http://www2.scut.edu.cn/_redirect?siteId=313&columnId=17668&articleId=285474 - Successful
2019-05-26 23:21:37.209 - https://www.scut.edu.cn/en/wibrary/list.htm - Successful
2019-05-26 23:21:37.244 - http://www2.scut.edu.cn/gzic_en/2018/0919/c17668a285470/page.htm - Successful
2019-05-26 23:21:37.297 - http://www2.scut.edu.cn/_redirect?siteId=313&columnId=17673&articleId=301925 - Successful
2019-05-26 23:21:37.326 - http://www2.scut.edu.cn/_redirect?siteId=313&columnId=17673&articleId=285468 - Successful
2019-05-26 23:21:37.336 - http://www2.scut.edu.cn/gzic_en/2018/0713/c17673a275569/page.htm - Successful
2019-05-26 23:21:37.368 - http://www2.scut.edu.cn/gzic_en/OfficeofAcademicAffairs/list.htm - Successful
2019-05-26 23:21:37.374 - http://www2.scut.edu.cn/gzic_en/OfficeofAdministration/list.htm - Successful
2019-05-26 23:21:37.411 - http://www2.scut.edu.cn/gzic_en/OfficeofInternationalAffairs_19836/list.htm - Successful
2019-05-26 23:21:37.415 - http://www2.scut.edu.cn/gzic_en/OfficeofStudentAffairs/list.htm - Successful
2019-05-26 23:21:37.467 - http://www2.scut.edu.cn/gzic_en/wideo/list.htm - Successful
2019-05-26 23:21:37.468 - http://www2.scut.edu.cn/gzic_en/Notice/list.htm - Successful
2019-05-26 23:21:37.497 - http://www2.scut.edu.cn/gzic/19705/list.htm - Successful
2019-05-26 23:21:37.503 - http://www2.scut.edu.cn/gzic/19706/list.htm - Successful
2019-05-26 23:21:37.542 - http://www2.scut.edu.cn/gzic/19704/list.htm - Successful
2019-05-26 23:21:37.603 - http://www2.scut.edu.cn/gzic/19707/list.htm - Successful
2019-05-26 23:21:37.793 - http://www2.scut.edu.cn/gzic/20540/list.htm - Successful
2019-05-26 23:21:37.819 - http://www2.scut.edu.cn/gzic/20541/list.htm - Successful
2019-05-26 23:21:37.910 - http://www2.scut.edu.cn/gzic/20539/list.htm - Successful
2019-05-26 23:21:38.032 - http://www2.scut.edu.cn/gzic/19464/list.htm - Successful
2019-05-26 23:21:38.200 - http://www2.scut.edu.cn/gzic/19466/list.htm - Successful
2019-05-26 23:21:38.203 - http://www2.scut.edu.cn/gzic/19469/list.htm - Successful
2019-05-26 23:21:38.242 - http://www2.scut.edu.cn/gzic/19465/list.htm - Successful
2019-05-26 23:21:38.266 - http://www2.scut.edu.cn/gzic/2019/0514/c15185a318105/page.htm - Successful
2019-05-26 23:21:38.271 - http://www2.scut.edu.cn/gzic/2019/0514/c15185a318103/page.htm - Successful
2019-05-26 23:21:38.322 - http://www2.scut.edu.cn/gzic/2019/0508/c15185a317203/page.htm - Successful
2019-05-26 23:21:38.323 - http://www2.scut.edu.cn/gzic/2019/0508/c15185a317200/page.htm - Successful
2019-05-26 23:21:38.371 - http://www2.scut.edu.cn/gzic/2019/0508/c15185a317201/page.htm - Successful
2019-05-26 23:21:38.372 - http://www2.scut.edu.cn/gzic/2019/0430/c15185a316702/page.htm - Successful
2019-05-26 23:21:38.412 - http://www2.scut.edu.cn/gzic/2019/0508/c15185a317202/page.htm - Successful
2019-05-26 23:21:38.421 - http://www2.scut.edu.cn/gzic/2019/0402/c15185a312243/page.htm - Successful
2019-05-26 23:21:38.461 - http://www2.scut.edu.cn/gzic/15185/list2.htm - Successful
2019-05-26 23:21:38.497 - http://www2.scut.edu.cn/gzic/xwtg/list2.htm - Successful
2019-05-26 23:21:38.512 - http://www2.scut.edu.cn/gzic/15185/list11.htm - Successful
2019-05-26 23:21:38.546 - http://www2.scut.edu.cn/gzic/2019/0514/c15186a318096/page.htm - Successful
2019-05-26 23:21:38.562 - http://www2.scut.edu.cn/gzic/xwtg/list11.htm - Successful
2019-05-26 23:21:38.586 - http://www2.scut.edu.cn/gzic/2019/0430/c15186a316559/page.htm - Successful
2019-05-26 23:21:38.587 - http://www2.scut.edu.cn/gzic/2019/0417/c15186a314251/page.htm - Successful
2019-05-26 23:21:38.630 - http://www2.scut.edu.cn/gzic/2019/0313/c15186a310006/page.htm - Successful
2019-05-26 23:21:38.631 - http://www2.scut.edu.cn/gzic/2019/0409/c15186a312746/page.htm - Successful
2019-05-26 23:21:38.670 - http://www2.scut.edu.cn/gzic/2019/0222/c15186a307579/page.htm - Successful
2019-05-26 23:21:38.686 - http://www2.scut.edu.cn/gzic/2019/0204/c15186a307197/page.htm - Successful
2019-05-26 23:21:38.731 - http://www2.scut.edu.cn/gzic/2018/1228/c15186a301505/page.htm - Successful
2019-05-26 23:21:38.772 - http://www2.scut.edu.cn/_redirect?siteId=312&columnId=15186&articleId=300836 - Successful
2019-05-26 23:21:38.788 - http://www2.scut.edu.cn/gzic/2018/1214/c15186a300027/page.htm - Successful
2019-05-26 23:21:38.879 - http://www2.scut.edu.cn/gzic/2018/1205/c15186a298767/page.htm - Successful
2019-05-26 23:21:38.885 - http://www2.scut.edu.cn/gzic/2018/1203/c15186a297927/page.htm - Successful
2019-05-26 23:21:38.922 - http://www2.scut.edu.cn/gzic/2018/1120/c15186a295641/page.htm - Successful
2019-05-26 23:21:38.923 - http://www2.scut.edu.cn/gzic/15186/list2.htm - Successful
2019-05-26 23:21:38.991 - http://www2.scut.edu.cn/gzic/2018/1213/c20537a299823/page.htm - Successful
2019-05-26 23:21:39.000 - http://www2.scut.edu.cn/gzic/2018/1213/c20537a299826/page.htm - Successful
2019-05-26 23:21:39.070 - http://www2.scut.edu.cn/gzic/2018/1213/c20537a299827/page.htm - Successful
2019-05-26 23:21:39.076 - http://www2.scut.edu.cn/gzic/2018/1213/c20537a299828/page.htm - Successful
2019-05-26 23:21:39.124 - http://www2.scut.edu.cn/gzic/2018/1213/c20537a299830/page.htm - Successful
2019-05-26 23:21:39.154 - http://www2.scut.edu.cn/gzic/2018/1213/c20537a299831/page.htm - Successful
2019-05-26 23:21:39.170 - http://www2.scut.edu.cn/gzic/2018/1213/c20537a299825/page.htm - Successful
2019-05-26 23:21:39.199 - http://www2.scut.edu.cn/gzic/2018/1213/c20537a299824/page.htm - Successful
2019-05-26 23:21:39.220 - http://www2.scut.edu.cn/gzic/2019/0514/c15187a318090/page.htm - Successful
2019-05-26 23:21:39.242 - http://www2.scut.edu.cn/gzic/2019/0429/c15187a316411/page.htm - Successful
2019-05-26 23:21:39.263 - http://www2.scut.edu.cn/gzic/2019/0426/c15187a316208/page.htm - Successful
2019-05-26 23:21:39.317 - http://www2.scut.edu.cn/gzic/2019/0326/c15187a311287/page.htm - Successful
2019-05-26 23:21:39.322 - http://www2.scut.edu.cn/gzic/2018/1115/c15187a295222/page.htm - Successful
2019-05-26 23:21:39.398 - http://www2.scut.edu.cn/gzic/2018/1115/c15187a295219/page.htm - Successful
2019-05-26 23:21:39.409 - http://www2.scut.edu.cn/gzic/2018/1115/c15187a295221/page.htm - Successful
2019-05-26 23:21:39.443 - http://www2.scut.edu.cn/gzic/2018/1128/c15187a297071/page.htm - Successful
2019-05-26 23:21:39.452 - http://www2.scut.edu.cn/gzic/2018/1221/c15187a300928/page.htm - Successful
2019-05-26 23:21:39.478 - http://www2.scut.edu.cn/gzic/2018/1221/c15187a300925/page.htm - Successful
2019-05-26 23:21:39.498 - http://www2.scut.edu.cn/gzic/2018/1214/c15187a299994/page.htm - Successful
2019-05-26 23:21:39.549 - http://www2.scut.edu.cn/gzic/15187/list2.htm - Successful
2019-05-26 23:21:39.577 - http://www2.scut.edu.cn/MoSE/main.htm - Successful
2019-05-26 23:21:39.581 - http://www2.scut.edu.cn/bmse/main.htm - Successful
2019-05-26 23:21:39.618 - http://www2.scut.edu.cn/wusie/ - Successful
2019-05-26 23:21:39.621 - http://www2.scut.edu.cn/microelectronics/ - Successful
2019-05-26 23:21:39.664 - http://www.scut.edu.cn/aismst/ - Successful
2019-05-26 23:21:39.671 - http://www2.scut.edu.cn/gzic/2019/0508/c19103a317204/page.htm - Successful
2019-05-26 23:21:39.688 - http://www2.scut.edu.cn/gzic/2019/0417/c19103a314254/page.htm - Successful
2019-05-26 23:21:39.708 - http://www2.scut.edu.cn/gzic/2019/0417/c19103a314253/page.htm - Successful
2019-05-26 23:21:39.726 - http://www2.scut.edu.cn/gzic/2019/0304/c19103a308683/page.htm - Successful
2019-05-26 23:21:39.757 - http://www2.scut.edu.cn/gzic/2019/0304/c19103a308650/page.htm - Successful
2019-05-26 23:21:39.768 - http://www2.scut.edu.cn/gzic/2018/1112/c19103a294653/page.htm - Successful
2019-05-26 23:21:39.833 - http://www2.scut.edu.cn/gzic/2018/1112/c19103a294660/page.htm - Successful
2019-05-26 23:21:39.846 - http://www2.scut.edu.cn/gzic/2018/1112/c19103a294655/page.htm - Successful
2019-05-26 23:21:39.911 - http://www2.scut.edu.cn/gzic/2018/1112/c19103a294664/page.htm - Successful
2019-05-26 23:21:40.003 - http://www2.scut.edu.cn/gzic/2018/1112/c19103a294683/page.htm - Successful
2019-05-26 23:21:40.004 - http://www2.scut.edu.cn/gzic/2018/1112/c19103a294678/page.htm - Successful
2019-05-26 23:21:40.040 - http://www2.scut.edu.cn/gzic/2018/1112/c19103a294687/page.htm - Successful
2019-05-26 23:21:40.071 - http://www2.scut.edu.cn/gzic/2018/1112/c19103a294693/page.htm - Successful
2019-05-26 23:21:40.076 - http://www2.scut.edu.cn/gzic/2019/0304/c19102a308686/page.htm - Successful
2019-05-26 23:21:40.113 - http://www2.scut.edu.cn/gzic/2019/0304/c19102a308679/page.htm - Successful
2019-05-26 23:21:40.118 - http://www2.scut.edu.cn/gzic/2018/1112/c19102a294706/page.htm - Successful
2019-05-26 23:21:40.167 - http://www2.scut.edu.cn/gzic/2019/0304/c19102a308649/page.htm - Successful
2019-05-26 23:21:40.214 - http://www2.scut.edu.cn/gzic/2018/1112/c19102a294759/page.htm - Successful
2019-05-26 23:21:40.295 - http://www2.scut.edu.cn/gzic/2018/1112/c19102a294695/page.htm - Successful
2019-05-26 23:21:40.317 - http://www2.scut.edu.cn/gzic/2018/1112/c19102a294696/page.htm - Successful
2019-05-26 23:21:40.362 - http://www2.scut.edu.cn/io_en/ - Successful
2019-05-26 23:21:40.368 - http://www.scut.edu.cn/new/ - Successful
2019-05-26 23:21:40.400 - http://www2.scut.edu.cn/io/main.htm - Successful
2019-05-26 23:21:40.427 - http://www2.scut.edu.cn/io/15690/list.htm - Successful
2019-05-26 23:21:40.460 - http://www2.scut.edu.cn/io/15691/list.htm - Successful
2019-05-26 23:21:40.495 - http://www2.scut.edu.cn/io/15924/list.htm - Successful
2019-05-26 23:21:40.518 - http://www2.scut.edu.cn/io/15925/list.htm - Successful
2019-05-26 23:21:40.605 - http://www2.scut.edu.cn/io/15926/list.htm - Successful
2019-05-26 23:21:40.632 - http://www2.scut.edu.cn/io/15927/list.htm - Successful
2019-05-26 23:21:40.703 - http://www2.scut.edu.cn/io/15861/list.htm - Successful
2019-05-26 23:21:40.754 - http://www2.scut.edu.cn/io/15862/list.htm - Successful
2019-05-26 23:21:40.796 - http://www2.scut.edu.cn/io/15863/list.htm - Successful
2019-05-26 23:21:40.796 - http://www2.scut.edu.cn/io/15864/list.htm - Successful
2019-05-26 23:21:40.892 - http://www2.scut.edu.cn/io/15865/list.htm - Successful
2019-05-26 23:21:40.937 - http://www2.scut.edu.cn/io/gjhy/list.htm - Successful
2019-05-26 23:21:41.079 - http://www2.scut.edu.cn/io/tzgg/list.htm - Successful
2019-05-26 23:21:41.115 - http://www2.scut.edu.cn/io/2018/0511/c16416a265566/page.htm - Successful
2019-05-26 23:21:41.164 - http://www2.scut.edu.cn/io/xsxm/list.htm - Successful
2019-05-26 23:21:41.248 - http://www2.scut.edu.cn/io/fgatcf/list.htm - Successful
2019-05-26 23:21:41.311 - http://www2.scut.edu.cn/io/zdgats/list.htm - Successful
2019-05-26 23:21:41.340 - http://www2.scut.edu.cn/io/gatsslf/list.htm - Successful
2019-05-26 23:21:41.451 - http://www2.scut.edu.cn/io/xshz/list.htm - Successful
2019-05-26 23:21:41.500 - http://www2.scut.edu.cn/io/xzzx/list.htm - Successful
2019-05-26 23:21:41.502 - http://www2.scut.edu.cn/io/lxwm/list.htm - Successful
2019-05-26 23:21:41.607 - http://www2.scut.edu.cn/io/zthd/list.htm - Successful
2019-05-26 23:21:41.630 - http://www2.scut.edu.cn/io/bslc/list.htm - Successful
2019-05-26 23:21:41.669 - http://www2.scut.edu.cn/io/bszn/list.htm - Successful
2019-05-26 23:21:41.697 - http://www2.scut.edu.cn/io/zxtz/list.htm - Successful
2019-05-26 23:21:41.782 - http://www2.scut.edu.cn/io/zcfg/list.htm - Successful
2019-05-26 23:21:41.831 - http://www2.scut.edu.cn/io/cyqzyq/list.htm - Successful
2019-05-26 23:21:41.872 - http://www2.scut.edu.cn/io/cjdy/list.htm - Successful
2019-05-26 23:21:41.913 - http://www2.scut.edu.cn/io/bgxz/list.htm - Successful
2019-05-26 23:21:41.950 - http://www2.scut.edu.cn/io/2018/0516/c15698a266376/page.htm - Successful
2019-05-26 23:21:41.977 - http://www2.scut.edu.cn/io/cfgs/list.htm - Successful
2019-05-26 23:21:42.056 - http://www2.scut.edu.cn/io/2018/0607/c15781a269802/page.htm - Successful
2019-05-26 23:21:42.056 - http://www2.scut.edu.cn/io/2018/0607/c15781a269801/page.htm - Successful
2019-05-26 23:21:42.089 - http://www2.scut.edu.cn/io/2018/0607/c15781a269799/page.htm - Successful
2019-05-26 23:21:42.123 - http://www2.scut.edu.cn/io/2018/0330/c15781a259927/page.htm - Successful
2019-05-26 23:21:42.133 - http://www2.scut.edu.cn/io/2018/0607/c15781a269798/page.htm - Successful
2019-05-26 23:21:42.178 - http://www2.scut.edu.cn/io/2018/0330/c15781a259926/page.htm - Successful
2019-05-26 23:21:42.241 - http://www2.scut.edu.cn/_redirect?siteId=322&columnId=15782&articleId=259924 - Successful
2019-05-26 23:21:42.284 - http://www2.scut.edu.cn/_redirect?siteId=322&columnId=15782&articleId=259923 - Successful
2019-05-26 23:21:42.315 - http://www2.scut.edu.cn/io/qbxw_15914/list.htm - Successful
2019-05-26 23:21:42.375 - http://www2.scut.edu.cn/io/2019/0521/c15914a318765/page.htm - Successful
2019-05-26 23:21:42.432 - http://www2.scut.edu.cn/_redirect?siteId=322&columnId=15782&articleId=260030 - Successful
2019-05-26 23:21:42.445 - http://www2.scut.edu.cn/io/2019/0505/c15914a316814/page.htm - Successful
2019-05-26 23:21:42.481 - http://www2.scut.edu.cn/_redirect?siteId=322&columnId=15914&articleId=316766 - Successful
2019-05-26 23:21:42.486 - http://www2.scut.edu.cn/io/2019/0505/c15914a316813/page.htm - Successful
2019-05-26 23:21:42.501 - http://www2.scut.edu.cn/io/qbgg_15913/list.htm - Successful
2019-05-26 23:21:42.522 - http://www2.scut.edu.cn/io/2019/0520/c15913a318725/page.htm - Successful
2019-05-26 23:21:42.535 - http://www2.scut.edu.cn/io/2019/0507/c15913a317138/page.htm - Successful
2019-05-26 23:21:42.621 - http://www2.scut.edu.cn/io/2019/0419/c15913a314455/page.htm - Successful
2019-05-26 23:21:42.623 - http://www2.scut.edu.cn/io/2019/0423/c15913a315280/page.htm - Successful
2019-05-26 23:21:42.766 - http://www2.scut.edu.cn/_redirect?siteId=322&columnId=15785&articleId=260117 - Successful
2019-05-26 23:21:42.818 - http://www2.scut.edu.cn/_redirect?siteId=322&columnId=15785&articleId=260116 - Successful
2019-05-26 23:21:42.856 - http://www2.scut.edu.cn/_redirect?siteId=322&columnId=15785&articleId=260115 - Successful
2019-05-26 23:21:42.867 - http://www2.scut.edu.cn/_redirect?siteId=322&columnId=15785&articleId=260114 - Successful
2019-05-26 23:21:42.956 - http://www2.scut.edu.cn/gzic/2018/1128/c19252a297072/page.htm - Successful
2019-05-26 23:21:42.971 - http://www2.scut.edu.cn/gzic/2018/1115/c19252a295220/page.htm - Successful
2019-05-26 23:21:43.003 - http://www2.scut.edu.cn/gzic/2018/1109/c19252a294334/page.htm - Successful
2019-05-26 23:21:43.023 - http://www2.scut.edu.cn/gzic/2018/1105/c19252a293622/page.htm - Successful
2019-05-26 23:21:43.048 - http://www2.scut.edu.cn/bmse/ - Successful
2019-05-26 23:21:43.057 - http://www2.scut.edu.cn/MoSE/ - Successful
2019-05-26 23:21:43.137 - http://www2.scut.edu.cn/gzic/sydt/list.htm - Successful
2019-05-26 23:21:43.138 - http://www2.scut.edu.cn/_upload/article/files/39/62/aa72f4954a4c93b2907017f94a03/56d98c7c-05f8-4b05-9f91-080340461831.pdf - Successful
2019-05-26 23:21:43.150 - http://www2.scut.edu.cn/_upload/article/files/6a/10/b51182064b1ca50945eff04e1680/de0ae53f-d7ef-4970-88fa-b8098100afb6.xls - Successful
2019-05-26 23:21:43.197 - http://www2.scut.edu.cn/intl_en/2018/0919/c18367a285463/page.htm - Successful
2019-05-26 23:21:43.202 - http://www2.scut.edu.cn/intl_en/2018/0919/c18367a285460/page.htm - Successful
2019-05-26 23:21:43.260 - http://www2.scut.edu.cn/intl_en/2018/0919/c18367a285464/page.htm - Successful
2019-05-26 23:21:43.263 - http://www2.scut.edu.cn/intl_en/2018/0919/c18367a285465/page.htm - Successful
2019-05-26 23:21:43.292 - http://www2.scut.edu.cn/gzic_en/wnformationwwor/list.htm - Successful
2019-05-26 23:21:43.316 - http://www2.scut.edu.cn/intl_en/2018/0919/c18367a285466/page.htm - Successful
2019-05-26 23:21:43.324 - http://www2.scut.edu.cn/sie_en/ - Successful
2019-05-26 23:21:43.363 - https://www.scut.edu.cn/en/wxchangewwtudentwwrograms/list.htm - Successful
2019-05-26 23:21:43.462 - http://www2.scut.edu.cn/gzic_en/2018/0921/c17656a285794/page.htm - Successful
2019-05-26 23:21:43.513 - https://www.scut.edu.cn/en/wlumni/list.htm - Successful
2019-05-26 23:21:43.559 - https://www.scut.edu.cn/en/main.htm - Successful
2019-05-26 23:21:43.645 - https://www.scut.edu.cn/en/wtaff/list.htm - Successful
2019-05-26 23:21:43.694 - https://www.scut.edu.cn/en/wurrentwwtudents/list.htm - Successful
2019-05-26 23:21:43.739 - https://www.scut.edu.cn/en/wrospectivewwtudents/list.htm - Successful
2019-05-26 23:21:43.772 - https://www.scut.edu.cn/en/wisitors/list.htm - Successful
2019-05-26 23:21:43.813 - https://www.scut.edu.cn/en/wontact/list.htm - Successful
2019-05-26 23:21:43.849 - https://www.scut.edu.cn/en/wointwus/list.htm - Successful
2019-05-26 23:21:43.885 - https://www.scut.edu.cn/en/wife/list.htm - Successful
2019-05-26 23:21:43.931 - https://www.scut.edu.cn/en/wiving/list.htm - Successful
2019-05-26 23:21:43.982 - http://webmail.scut.edu.cn/scutmail/index.jsp?locale=en_US - Successful
2019-05-26 23:21:44.041 - https://www.scut.edu.cn/new/ - Successful
2019-05-26 23:21:44.173 - https://www.scut.edu.cn/en/wbout/list.htm - Successful
2019-05-26 23:21:44.315 - https://www.scut.edu.cn/en/wistorywwwwission/list.htm - Successful
2019-05-26 23:21:44.467 - https://www.scut.edu.cn/en/welcomewfromwthewwresident/list.htm - Successful
2019-05-26 23:21:44.651 - https://www.scut.edu.cn/en/wniversitywweadership/list.htm - Successful
2019-05-26 23:21:45.087 - https://www.scut.edu.cn/en/wfficewwwwnits/list.htm - Successful
2019-05-26 23:21:45.268 - https://www.scut.edu.cn/en/wurwwaculty/list.htm - Successful
2019-05-26 23:21:45.309 - https://www.scut.edu.cn/en/wdmission/list.htm - Successful
2019-05-26 23:21:45.352 - https://www.scut.edu.cn/en/wndergraduate/list.htm - Successful
2019-05-26 23:21:45.400 - https://www.scut.edu.cn/en/wraduate/list.htm - Successful
2019-05-26 23:21:45.435 - http://www2.scut.edu.cn/sie_en/1111/list.htm - Successful
2019-05-26 23:21:45.487 - http://www2.scut.edu.cn/sie_en/1169/list.htm - Successful
2019-05-26 23:21:45.528 - https://www.scut.edu.cn/en/wchools/list.htm - Successful
2019-05-26 23:21:45.570 - https://www.scut.edu.cn/en/wesearch/list.htm - Successful
2019-05-26 23:21:45.615 - https://www.scut.edu.cn/en/wverview/list.htm - Successful
2019-05-26 23:21:45.657 - https://www.scut.edu.cn/en/wabswwwwenters/list.htm - Successful
2019-05-26 23:21:45.698 - https://www.scut.edu.cn/en/wesearchwwrojects/list.htm - Successful
2019-05-26 23:21:45.733 - https://www.scut.edu.cn/en/wesearchwwchievements/list.htm - Successful
2019-05-26 23:21:45.763 - https://www.scut.edu.cn/en/wcademicwwournals/list.htm - Successful
2019-05-26 23:21:45.799 - https://www.scut.edu.cn/en/wistorywwwwollections/list.htm - Successful
2019-05-26 23:21:45.841 - http://www.lib.scut.edu.cn/main.htm - Successful
2019-05-26 23:21:45.883 - https://www.scut.edu.cn/en/womingwtowthewlibrary/list.htm - Successful
2019-05-26 23:21:45.912 - https://www.scut.edu.cn/en/wepartmentwwwwnits/list.htm - Successful
2019-05-26 23:21:45.937 - https://www.scut.edu.cn/en/wervices/list.htm - Successful
2019-05-26 23:21:45.965 - https://www.scut.edu.cn/en/wivingwtowthewwibrary/list.htm - Successful
2019-05-26 23:21:45.992 - https://www.scut.edu.cn/en/woreignwwextbookwwenter/list.htm - Successful
2019-05-26 23:21:46.023 - https://www.scut.edu.cn/en/wverview_324/list.htm - Successful
2019-05-26 23:21:46.052 - https://www.scut.edu.cn/en/wlumniwwpotlights/list.htm - Successful
2019-05-26 23:21:46.085 - https://www.scut.edu.cn/en/wlumniwwervices/list.htm - Successful
2019-05-26 23:21:46.117 - https://www.scut.edu.cn/en/wontactwus/list.htm - Successful
2019-05-26 23:21:46.143 - http://www2.scut.edu.cn/sie_en/1236/list.htm - Successful
2019-05-26 23:21:46.168 - https://www.scut.edu.cn/en/2019/0518/c296a15627/page.htm - Successful
2019-05-26 23:21:46.198 - https://www.scut.edu.cn/en/wpotlight/list.htm - Successful
2019-05-26 23:21:46.224 - https://www.scut.edu.cn/en/_t13/wpotlight/list.htm - Error (ststus: 404)
2019-05-26 23:21:46.251 - https://www.scut.edu.cn/en/wews/list.htm - Successful
2019-05-26 23:21:46.285 - https://www.scut.edu.cn/en/2019/0522/c278a15647/page.htm - Successful
2019-05-26 23:21:46.322 - https://www.scut.edu.cn/en/2019/0514/c278a15590/page.htm - Successful
2019-05-26 23:21:46.353 - https://www.scut.edu.cn/en/2019/0508/c278a15526/page.htm - Successful
2019-05-26 23:21:46.387 - https://www.scut.edu.cn/en/2019/0505/c278a15496/page.htm - Successful
2019-05-26 23:21:46.422 - https://www.scut.edu.cn/en/wventswwwwotices/list.htm - Successful
2019-05-26 23:21:46.454 - https://www.scut.edu.cn/en/2019/0522/c379a15651/page.htm - Successful
2019-05-26 23:21:46.487 - https://www.scut.edu.cn/en/2019/0520/c379a15642/page.htm - Successful
2019-05-26 23:21:46.519 - https://www.scut.edu.cn/en/2018/0923/c358a13325/page.htm - Successful
2019-05-26 23:21:46.552 - https://www.scut.edu.cn/en/2019/0520/c379a15633/page.htm - Successful
2019-05-26 23:21:46.583 - https://www.scut.edu.cn/en/2019/0515/c379a15600/page.htm - Successful
2019-05-26 23:21:46.608 - https://www.scut.edu.cn/en/wocus/list.htm - Successful
2019-05-26 23:21:46.632 - https://www.scut.edu.cn/en/wiscover/list.htm - Successful
2019-05-26 23:21:46.656 - https://www.scut.edu.cn/en/wideos/list.htm - Successful
2019-05-26 23:21:46.863 - https://yanzhao.scut.edu.cn/open/Master/ZyYjfxView.aspx?EID=-sf2MeZLs02R89D-KR7vL8VcqVwJeAqEFO6B9CCl2B65nIMHaVMYXg== - Successful
2019-05-26 23:21:46.917 - https://yanzhao.scut.edu.cn/open/Master/ZyYjfxView.aspx?EID=-sf2MeZLs01HCbSVOlLrVip5fYzPp5zE4yWLdpa338PPZBRsejEXOw== - Successful
2019-05-26 23:21:46.956 - http://www2.scut.edu.cn/aismst_en/ - Successful
2019-05-26 23:21:46.983 - https://yanzhao.scut.edu.cn/open/Master/ZyYjfxView.aspx?EID=-sf2MeZLs02K5WPq9dKjt4G-3hbi-656n1Wz-ZYFjD2A!ZTo0Uykig== - Successful
2019-05-26 23:21:47.024 - https://yanzhao.scut.edu.cn/open/Master/ZyYjfxView.aspx?EID=-sf2MeZLs02KJIR465FuvXXgIuwP0IxxttutdYDglC-H!BfeVMVIHQ== - Successful
2019-05-26 23:21:47.153 - https://yanzhao.scut.edu.cn/open/Master/ZyView.aspx?EID=-sf2MeZLs01lo2G7M2M12ZTNPhRMtaCnka9UEfTYb7subEMgYrRS9g== - Successful
2019-05-26 23:21:47.209 - https://yanzhao.scut.edu.cn/open/Master/ZyYjfxView.aspx?EID=-sf2MeZLs03QC1EXuvyxxPS!EWOw47agJECljUVl9QU-0DHydN2sbw== - Successful
2019-05-26 23:21:47.259 - http://www2.scut.edu.cn/io_en/main.htm - Successful
2019-05-26 23:21:47.289 - http://www2.scut.edu.cn/io_en/18038/list.htm - Successful
2019-05-26 23:21:47.317 - http://www2.scut.edu.cn/io_en/18039/list.htm - Successful
2019-05-26 23:21:47.358 - http://www2.scut.edu.cn/io_en/18041/list.htm - Successful
2019-05-26 23:21:47.458 - http://www2.scut.edu.cn/io_en/18042/list.htm - Successful
2019-05-26 23:21:47.500 - http://www2.scut.edu.cn/io_en/2018/0808/c18071a278132/page.htm - Successful
2019-05-26 23:21:47.537 - http://www2.scut.edu.cn/io_en/2018/0808/c18071a278131/page.htm - Successful
2019-05-26 23:21:47.574 - http://www2.scut.edu.cn/io_en/2018/0808/c18071a278130/page.htm - Successful
2019-05-26 23:21:47.723 - http://www2.scut.edu.cn/gzic_en/2019/0117/c19458a303939/page.htm - Successful
2019-05-26 23:21:47.893 - http://www2.scut.edu.cn/gzic_en/2019/0107/c19458a302551/page.htm - Successful
2019-05-26 23:21:47.960 - http://www2.scut.edu.cn/gzic_en/2019/0104/c19458a302326/page.htm - Successful
2019-05-26 23:21:47.988 - http://www2.scut.edu.cn/gzic_en/2019/0103/c19458a302179/page.htm - Successful
2019-05-26 23:21:48.032 - http://www2.scut.edu.cn/gzic_en/2019/0103/c19458a302144/page.htm - Successful
2019-05-26 23:21:48.067 - http://www2.scut.edu.cn/gzic_en/2018/1218/c19458a300412/page.htm - Successful
2019-05-26 23:21:48.101 - http://www2.scut.edu.cn/gzic_en/2018/1217/c19458a300278/page.htm - Successful
2019-05-26 23:21:48.144 - http://www2.scut.edu.cn/gzic_en/2018/1114/c19458a294961/page.htm - Successful
2019-05-26 23:21:48.192 - http://www2.scut.edu.cn/gzic_en/2018/1113/c19458a294796/page.htm - Successful
2019-05-26 23:21:48.242 - http://www2.scut.edu.cn/gzic_en/AcademicActivities/list2.htm - Successful
2019-05-26 23:21:48.302 - http://www2.scut.edu.cn/gzic_en/2019/0102/c19470a301909/page.htm - Successful
2019-05-26 23:21:48.441 - http://www2.scut.edu.cn/gzic_en/2019/0102/c19470a301906/page.htm - Successful
2019-05-26 23:21:48.681 - http://www2.scut.edu.cn/gzic_en/2018/1225/c19470a301129/page.htm - Successful
2019-05-26 23:21:48.735 - http://www2.scut.edu.cn/gzic_en/2018/1217/c19470a300199/page.htm - Successful
2019-05-26 23:21:48.787 - http://www2.scut.edu.cn/gzic_en/2018/1206/c19470a298928/page.htm - Successful
2019-05-26 23:21:48.840 - http://www2.scut.edu.cn/gzic_en/2018/1206/c19470a298927/page.htm - Successful
2019-05-26 23:21:48.883 - http://www2.scut.edu.cn/gzic_en/2018/1206/c19470a298926/page.htm - Successful
2019-05-26 23:21:48.936 - http://www2.scut.edu.cn/gzic_en/2018/1206/c19470a298925/page.htm - Successful
2019-05-26 23:21:48.977 - http://www2.scut.edu.cn/gzic_en/2018/1010/c18539a288326/page.htm - Successful
2019-05-26 23:21:48.989 - http://www2.scut.edu.cn/gzic_en/2018/1203/c19470a298059/page.htm - Successful
2019-05-26 23:21:49.049 - http://www2.scut.edu.cn/gzic_en/ResearchImpacts/list2.htm - Successful
2019-05-26 23:21:49.090 - http://www2.scut.edu.cn/gzic_en/2019/0102/c17649a301906/page.htm - Successful
2019-05-26 23:21:49.124 - http://www2.scut.edu.cn/gzic_en/2019/0102/c17649a301917/page.htm - Successful
2019-05-26 23:21:49.200 - http://www2.scut.edu.cn/gzic_en/2018/1225/c17649a301129/page.htm - Successful
2019-05-26 23:21:49.234 - http://www2.scut.edu.cn/gzic_en/17647/list2.htm - Successful
2019-05-26 23:21:49.254 - http://www2.scut.edu.cn/gzic_en/17647/list7.htm - Successful
2019-05-26 23:21:49.274 - http://www2.scut.edu.cn/gzic_en/17649/list2.htm - Successful
2019-05-26 23:21:49.297 - http://www2.scut.edu.cn/gzic_en/17649/list7.htm - Successful
2019-05-26 23:21:49.321 - http://www2.scut.edu.cn/gzic_en/2018/1225/c19142a301147/page.htm - Successful
2019-05-26 23:21:49.340 - http://www2.scut.edu.cn/gzic_en/2018/1220/c19142a300722/page.htm - Successful
2019-05-26 23:21:49.357 - http://www2.scut.edu.cn/gzic_en/2018/1218/c19142a300413/page.htm - Successful
2019-05-26 23:21:49.380 - http://www2.scut.edu.cn/gzic_en/2018/1212/c19142a299714/page.htm - Successful
2019-05-26 23:21:49.395 - http://www2.scut.edu.cn/gzic_en/2018/1203/c19142a298064/page.htm - Successful
2019-05-26 23:21:49.427 - http://www2.scut.edu.cn/gzic_en/2018/1129/c19142a297385/page.htm - Successful
2019-05-26 23:21:49.461 - http://www2.scut.edu.cn/gzic_en/2018/1129/c19142a297384/page.htm - Successful
2019-05-26 23:21:49.489 - http://www2.scut.edu.cn/gzic_en/2018/1120/c19142a295620/page.htm - Successful
2019-05-26 23:21:49.520 - http://www2.scut.edu.cn/gzic_en/test/list2.htm - Successful
2019-05-26 23:21:49.543 - http://www2.scut.edu.cn/gzic_en/test/list3.htm - Successful
2019-05-26 23:21:49.610 - http://www2.scut.edu.cn/gzic_en/2018/0930/c19836a287262/page.htm - Successful
2019-05-26 23:21:49.620 - http://www2.scut.edu.cn/gzic_en/2018/1128/c20124a297164/page.htm - Successful
2019-05-26 23:21:49.656 - http://www2.scut.edu.cn/gzic_en/2018/1129/c20124a297249/page.htm - Successful
2019-05-26 23:21:49.689 - http://www2.scut.edu.cn/_upload/article/images/9c/3c/5e96276f4770aaabf9a0c4da05b0/47ed9250-afde-40af-a6a9-bd0caa305e0f.jpg - Successful
2019-05-26 23:21:49.705 - http://map.scut.edu.cn/en/index.shtml - Successful
2019-05-26 23:21:49.712 - http://www2.scut.edu.cn/gzic_en/2019/0522/c19457a318903/page.htm - Successful
2019-05-26 23:21:49.749 - http://www2.scut.edu.cn/gzic_en/2018/1115/c19457a295224/page.htm - Successful
2019-05-26 23:21:49.793 - http://www2.scut.edu.cn/gzic_en/2018/1107/c19457a293923/page.htm - Successful
2019-05-26 23:21:49.947 - http://www2.scut.edu.cn/gzic_en/2018/1022/c19457a290163/page.htm - Successful
2019-05-26 23:21:49.986 - http://www2.scut.edu.cn/gzic_en/wpotlights/list.htm - Successful
2019-05-26 23:21:50.015 - https://www.scut.edu.cn/_upload/article/images/bc/07/245ef92b4c73971b5706e5a2c7b4/db5aa48d-4427-45f4-83d3-fcaca4d394d0.jpg - Successful
2019-05-26 23:21:50.025 - https://www.scut.edu.cn/_upload/article/images/bc/07/245ef92b4c73971b5706e5a2c7b4/d74b848a-c753-4a33-95bc-6e8099befb57.jpg - Successful
2019-05-26 23:21:50.036 - https://www.scut.edu.cn/_upload/article/images/bc/07/245ef92b4c73971b5706e5a2c7b4/3643a7c4-843b-4152-9425-f03219e3a938.jpg - Successful
2019-05-26 23:21:50.046 - https://www.scut.edu.cn/_upload/article/images/bc/07/245ef92b4c73971b5706e5a2c7b4/1e1f64b7-6026-45f7-ac00-cc4dbf3202ee.jpg - Successful
2019-05-26 23:21:50.056 - https://www.scut.edu.cn/_upload/article/images/bc/07/245ef92b4c73971b5706e5a2c7b4/c1f9f076-5050-4e2b-a2ba-5eb08da883ab.jpg - Successful
2019-05-26 23:21:50.067 - https://www.scut.edu.cn/_upload/article/images/bc/07/245ef92b4c73971b5706e5a2c7b4/dc1b13b1-48b1-4ff3-8f6b-01cd7568e17a.jpg - Successful
2019-05-26 23:21:50.077 - https://www.scut.edu.cn/_upload/article/images/bc/07/245ef92b4c73971b5706e5a2c7b4/acd5eb49-5a87-415f-9333-8b39767927c1.jpg - Successful
2019-05-26 23:21:50.087 - https://www.scut.edu.cn/_upload/article/images/bc/07/245ef92b4c73971b5706e5a2c7b4/fc775c3b-02e1-4e69-8d10-e2a6c9512f7e.jpg - Successful
2019-05-26 23:21:50.102 - https://www.scut.edu.cn/_upload/article/images/bc/07/245ef92b4c73971b5706e5a2c7b4/558028f6-14bc-4bd1-94bc-58cef4cbb00e.jpg - Successful
2019-05-26 23:21:50.144 - https://www.scut.edu.cn/_upload/article/images/bc/07/245ef92b4c73971b5706e5a2c7b4/d4b5d88a-10ae-48e2-8d22-71c086e99424.jpg - Successful
2019-05-26 23:21:50.169 - https://www.scut.edu.cn/_upload/article/images/bc/07/245ef92b4c73971b5706e5a2c7b4/e21074ee-1b91-4b1f-a4f2-fc027d657239.jpg - Successful
2019-05-26 23:21:50.191 - http://en.scut.edu.cn/eWebEditor/UploadFile/20150105044004238.jpg - Error (ststus: 404)
2019-05-26 23:21:50.230 - http://www2.scut.edu.cn/gzic_en/wwwwwwwwwwwwwwwww/list.htm - Successful
2019-05-26 23:21:50.330 - http://www2.scut.edu.cn/_redirect?siteId=313&columnId=18796&articleId=301923 - Successful
2019-05-26 23:21:50.405 - http://www2.scut.edu.cn/_redirect?siteId=313&columnId=18796&articleId=300832 - Successful
2019-05-26 23:21:50.458 - https://www.scut.edu.cn/new/2016/1129/c78a365/page.htm - Successful
2019-05-26 23:21:50.608 - http://www2.scut.edu.cn/_redirect?siteId=313&columnId=18796&articleId=285838 - Successful
2019-05-26 23:21:50.685 - http://www2.scut.edu.cn/_redirect?siteId=313&columnId=18796&articleId=285839 - Successful
2019-05-26 23:21:50.776 - http://www2.scut.edu.cn/_redirect?siteId=313&columnId=18796&articleId=285841 - Successful
2019-05-26 23:21:51.008 - http://www2.scut.edu.cn/_redirect?siteId=313&columnId=18796&articleId=285842 - Successful
2019-05-26 23:21:51.106 - http://www2.scut.edu.cn/gzic_en/wwwwwwwwwww/list.htm - Successful
2019-05-26 23:21:51.222 - http://www2.scut.edu.cn/gzic/2019/0325/c20540a311178/page.htm - Successful
2019-05-26 23:21:51.396 - http://www2.scut.edu.cn/gzic/2019/0312/c20540a309975/page.htm - Successful
2019-05-26 23:21:51.470 - http://www2.scut.edu.cn/gzic/2019/0222/c20540a308575/page.htm - Successful
2019-05-26 23:21:51.509 - http://www2.scut.edu.cn/gzic/2019/0204/c20540a307196/page.htm - Successful
2019-05-26 23:21:51.551 - http://www2.scut.edu.cn/gzic/2019/0125/c20540a308571/page.htm - Successful
2019-05-26 23:21:51.686 - http://www2.scut.edu.cn/gzic/2018/1203/c20540a297931/page.htm - Successful
2019-05-26 23:21:51.742 - http://www2.scut.edu.cn/gzic/2018/1130/c20540a297515/page.htm - Successful
2019-05-26 23:21:51.792 - http://www2.scut.edu.cn/gzic/2018/1023/c20540a297526/page.htm - Successful
2019-05-26 23:21:51.869 - http://www2.scut.edu.cn/gzic/20540/list2.htm - Successful
2019-05-26 23:21:51.966 - http://x3yt@scut.edu.cn/ - Successful
2019-05-26 23:21:51.996 - http://www2.scut.edu.cn/gzic/2019/0326/c15185a311295/page.htm - Successful
2019-05-26 23:21:52.042 - http://www2.scut.edu.cn/gzic/2019/0325/c15185a311177/page.htm - Successful
2019-05-26 23:21:52.202 - http://www2.scut.edu.cn/gzic/2019/0325/c15185a311175/page.htm - Successful
2019-05-26 23:21:52.255 - http://www2.scut.edu.cn/gzic/2019/0318/c15185a310599/page.htm - Successful
2019-05-26 23:21:52.334 - http://www2.scut.edu.cn/gzic/2019/0312/c15185a311291/page.htm - Successful
2019-05-26 23:21:52.371 - http://www2.scut.edu.cn/gzic/2019/0313/c15185a310007/page.htm - Successful
2019-05-26 23:21:52.410 - http://www2.scut.edu.cn/gzic/2019/0222/c15185a307670/page.htm - Successful
2019-05-26 23:21:52.453 - http://www2.scut.edu.cn/gzic/2019/0222/c15185a307581/page.htm - Successful
2019-05-26 23:21:52.494 - http://www2.scut.edu.cn/gzic/2019/0125/c15185a307101/page.htm - Successful
2019-05-26 23:21:52.530 - http://www2.scut.edu.cn/gzic/15185/list1.htm - Successful
2019-05-26 23:21:52.563 - http://www2.scut.edu.cn/gzic/15185/list3.htm - Successful
2019-05-26 23:21:52.601 - http://www2.scut.edu.cn/gzic/xwtg/list1.htm - Successful
2019-05-26 23:21:55.395 - http://www2.scut.edu.cn/gzic_en/2018/1022/c19457a290164/page.htm - Successful
2019-05-26 23:21:55.426 - http://www2.scut.edu.cn/gzic/2018/0201/c15185a254678/page.htm - Successful
2019-05-26 23:21:55.458 - http://www2.scut.edu.cn/gzic/2018/0201/c15185a254683/page.htm - Successful
2019-05-26 23:21:55.545 - http://www2.scut.edu.cn/gzic/2018/0201/c15185a254675/page.htm - Successful
2019-05-26 23:21:55.632 - http://www2.scut.edu.cn/gzic/2018/0201/c15185a254670/page.htm - Successful
2019-05-26 23:21:55.656 - http://www2.scut.edu.cn/gzic/2018/0201/c15185a254671/page.htm - Successful
2019-05-26 23:21:58.226 - http://www2.scut.edu.cn/gzic/xwtg/list3.htm - Successful
2019-05-26 23:21:58.265 - http://www2.scut.edu.cn/gzic/2018/0201/c15185a254674/page.htm - Successful
2019-05-26 23:21:58.309 - http://www2.scut.edu.cn/gzic/2018/0201/c15185a254676/page.htm - Successful
2019-05-26 23:21:58.349 - http://www2.scut.edu.cn/gzic/2018/0201/c15185a254669/page.htm - Successful
2019-05-26 23:21:58.398 - http://www2.scut.edu.cn/gzic/15185/list10.htm - Successful
2019-05-26 23:21:58.498 - http://www2.scut.edu.cn/gzic/19250/list.psp - Successful
2019-05-26 23:21:58.531 - http://www2.scut.edu.cn/gzic/xwtg/list10.htm - Successful
2019-05-26 23:21:58.557 - https://www.scut.edu.cn/new/main.htm - Successful
2019-05-26 23:21:58.614 - https://www.scut.edu.cn/new/9093/list.htm - Successful
2019-05-26 23:21:58.686 - https://www.scut.edu.cn/new/9094/list.htm - Successful
2019-05-26 23:21:58.804 - https://www.scut.edu.cn/new/9095/list.htm - Successful
2019-05-26 23:21:58.854 - https://www.scut.edu.cn/new/9096/list.htm - Successful
2019-05-26 23:21:58.893 - https://www.scut.edu.cn/new/9097/list.htm - Successful
2019-05-26 23:21:58.913 - http://news.scut.edu.cn/ - Successful
2019-05-26 23:21:58.989 - http://my.scut.edu.cn/ - Successful
2019-05-26 23:21:59.013 - http://webmail.scut.edu.cn/scutmail/ - Successful
2019-05-26 23:21:59.086 - http://web.scut.edu.cn/ - Successful
2019-05-26 23:21:59.177 - https://www.scut.edu.cn/new/8995/list.htm - Successful
2019-05-26 23:21:59.258 - https://www.scut.edu.cn/new/9015/list.htm - Successful
2019-05-26 23:21:59.299 - https://www.scut.edu.cn/new/9016/list.htm - Successful
2019-05-26 23:21:59.378 - https://www.scut.edu.cn/new/9017/list.htm - Successful
2019-05-26 23:21:59.548 - https://www.scut.edu.cn/new/9018/list.htm - Successful
2019-05-26 23:21:59.674 - https://www.scut.edu.cn/new/9019/list.htm - Successful
2019-05-26 23:21:59.786 - http://www2.scut.edu.cn/xsg/ - Successful
2019-05-26 23:21:59.831 - https://www.scut.edu.cn/new/8996/list.htm - Successful
2019-05-26 23:21:59.888 - https://www.scut.edu.cn/new/2018/1217/c214a14587/page.htm - Successful
2019-05-26 23:21:59.939 - http://www2.scut.edu.cn/hr/4287/list.htm - Successful
2019-05-26 23:22:00.009 - http://www.scut.edu.cn/academic/ - Successful
2019-05-26 23:22:00.078 - http://www2.scut.edu.cn/graduate/ - Successful
2019-05-26 23:22:00.265 - http://www.scut.edu.cn/sie/ - Successful
2019-05-26 23:22:00.402 - http://www.scut.edu.cn/course/ - Successful
2019-05-26 23:22:00.429 - http://www.scut.edu.cn/e-online/ - Successful
2019-05-26 23:22:00.539 - https://www.scut.edu.cn/new/9107/list.htm - Successful
2019-05-26 23:22:00.602 - https://www.scut.edu.cn/new/gjzdsys/list.htm - Successful
2019-05-26 23:22:00.643 - https://www.scut.edu.cn/new/9453/list.htm - Successful
2019-05-26 23:22:00.677 - https://www.scut.edu.cn/new/9454/list.htm - Successful
2019-05-26 23:22:00.723 - https://www.scut.edu.cn/new/9455/list.htm - Successful
2019-05-26 23:22:00.758 - https://www.scut.edu.cn/new/9456/list.htm - Successful
2019-05-26 23:22:00.796 - https://www.scut.edu.cn/new/9457/list.htm - Successful
2019-05-26 23:22:00.847 - https://www.scut.edu.cn/new/9458/list.htm - Successful
2019-05-26 23:22:00.896 - https://www.scut.edu.cn/new/9459/list.htm - Successful
2019-05-26 23:22:00.926 - https://www.scut.edu.cn/new/9460/list.htm - Successful
2019-05-26 23:22:00.958 - https://www.scut.edu.cn/new/9461/list.htm - Successful
2019-05-26 23:22:00.994 - https://www.scut.edu.cn/new/9108/list.htm - Successful
2019-05-26 23:22:01.026 - http://www2.scut.edu.cn/science/ - Successful
2019-05-26 23:22:01.060 - http://www.scut.edu.cn/socialsci/ - Successful
2019-05-26 23:22:01.104 - http://www2.scut.edu.cn/kz/ - Successful
2019-05-26 23:22:01.137 - http://admission.scut.edu.cn/ - Successful
2019-05-26 23:22:01.171 - http://sce.scut.edu.cn/ - Successful
2019-05-26 23:22:01.208 - http://www.scut.edu.cn/bys/ - Successful
2019-05-26 23:22:01.240 - https://www.scut.edu.cn/new/9001/list.htm - Successful
2019-05-26 23:22:01.278 - https://www.scut.edu.cn/new/9284/list.htm - Successful
2019-05-26 23:22:01.279 - http://www2.scut.edu.cn/gzic/2018/1015/c15185a288926/page.htm - Successful
2019-05-26 23:22:01.323 - https://www.scut.edu.cn/new/2019/0104/c84a14789/page.htm - Successful
2019-05-26 23:22:01.340 - http://map.scut.edu.cn/index.shtml - Successful
2019-05-26 23:22:01.392 - http://bbs.scut.edu.cn/ - Successful
2019-05-26 23:22:01.538 - https://www.scut.edu.cn/new/227/list.htm - Successful
2019-05-26 23:22:01.565 - http://www2.scut.edu.cn/xlzxzx/ - Successful
2019-05-26 23:22:01.582 - http://www.scut.edu.cn/security/ - Successful
2019-05-26 23:22:01.607 - http://www.scut.edu.cn/houqin - Successful
2019-05-26 23:22:01.639 - http://www.scut.edu.cn/hospital/ - Successful
2019-05-26 23:22:01.657 - http://www.scut.edu.cn/vpn/ - Successful
2019-05-26 23:22:01.711 - http://www2.scut.edu.cn/hr/4457/list.htm - Successful
2019-05-26 23:22:01.746 - http://www2.scut.edu.cn/io/15697/list.htm - Successful
2019-05-26 23:22:01.782 - http://web.scut.edu.cn/2018/0531/c15721a269066/page.htm - Successful
2019-05-26 23:22:01.830 - http://www2.scut.edu.cn/publicizing/ - Successful
2019-05-26 23:22:01.867 - http://www2.scut.edu.cn/gzic/2018/1030/c15186a291763/page.htm - Successful
2019-05-26 23:22:01.875 - https://fee.cw.scut.edu.cn/ - Successful
2019-05-26 23:22:01.991 - http://www2.scut.edu.cn/gzic/2018/1015/c15186a288915/page.htm - Successful
2019-05-26 23:22:02.007 - http://www2.scut.edu.cn/gzic/2018/1015/c15186a288953/page.htm - Successful
2019-05-26 23:22:02.062 - http://www2.scut.edu.cn/gzic/2018/1015/c15186a288952/page.htm - Successful
2019-05-26 23:22:02.067 - http://www2.scut.edu.cn/gzic/2018/0201/c15186a254692/page.htm - Successful
2019-05-26 23:22:02.100 - http://www2.scut.edu.cn/gzic/2018/0201/c15186a254694/page.htm - Successful
2019-05-26 23:22:02.101 - http://www2.scut.edu.cn/gzic/2018/0201/c15186a254691/page.htm - Successful
2019-05-26 23:22:02.140 - http://www2.scut.edu.cn/gzic/2018/0201/c15186a254690/page.htm - Successful
2019-05-26 23:22:02.142 - http://www2.scut.edu.cn/gzic/2018/0201/c15186a254688/page.htm - Successful
2019-05-26 23:22:02.178 - http://www2.scut.edu.cn/gzic/2018/0201/c15186a254686/page.htm - Successful
2019-05-26 23:22:02.192 - http://www2.scut.edu.cn/gzic/2018/0201/c15186a254685/page.htm - Successful
2019-05-26 23:22:02.242 - http://www2.scut.edu.cn/gzic/2018/1015/c15186a288921/page.htm - Successful
2019-05-26 23:22:02.285 - http://www2.scut.edu.cn/gzic/2018/1015/c15186a288964/page.htm - Successful
2019-05-26 23:22:02.354 - http://www2.scut.edu.cn/gzic/15186/list1.htm - Successful
2019-05-26 23:22:02.382 - http://www2.scut.edu.cn/_upload/article/files/90/33/92448026473a918f391cb462fc27/097805c7-3534-4f1c-b314-0ac37d77f651.xlsx - Successful
2019-05-26 23:22:02.399 - http://www2.scut.edu.cn/gzic/2018/1026/c15187a291265/page.htm - Successful
2019-05-26 23:22:02.431 - http://www2.scut.edu.cn/gzic/2018/1026/c15187a291266/page.htm - Successful
2019-05-26 23:22:02.472 - http://www2.scut.edu.cn/gzic/2018/1026/c15187a291261/page.htm - Successful
2019-05-26 23:22:02.553 - http://www2.scut.edu.cn/gzic/2018/0223/c15187a254849/page.htm - Successful
2019-05-26 23:22:02.664 - http://www2.scut.edu.cn/gzic/2018/0223/c15187a254851/page.htm - Successful
2019-05-26 23:22:02.708 - http://www2.scut.edu.cn/gzic/2018/0223/c15187a254850/page.htm - Successful
2019-05-26 23:22:02.804 - http://www2.scut.edu.cn/gzic/2018/0223/c15187a254848/page.htm - Successful
2019-05-26 23:22:03.041 - http://www2.scut.edu.cn/gzic/2018/0223/c15187a254847/page.htm - Successful
2019-05-26 23:22:03.081 - http://www2.scut.edu.cn/gzic/2018/0223/c15187a254846/page.htm - Successful
2019-05-26 23:22:03.130 - http://www2.scut.edu.cn/gzic/2018/0223/c15187a254845/page.htm - Successful
2019-05-26 23:22:03.206 - http://www2.scut.edu.cn/gzic/2018/0223/c15187a254844/page.htm - Successful
2019-05-26 23:22:03.244 - http://www2.scut.edu.cn/gzic/15187/list1.htm - Successful
2019-05-26 23:22:03.368 - http://www2.scut.edu.cn/aismst/ - Successful
2019-05-26 23:22:03.412 - http://www2.scut.edu.cn/MoSE/xygk/list.htm - Successful
2019-05-26 23:22:03.468 - http://www2.scut.edu.cn/MoSE/xyjs/list.htm - Successful
2019-05-26 23:22:03.500 - http://www2.scut.edu.cn/MoSE/zzjg/list.htm - Successful
2019-05-26 23:22:03.564 - http://www2.scut.edu.cn/MoSE/yzjy/list.htm - Successful
2019-05-26 23:22:03.601 - http://www2.scut.edu.cn/MoSE/fzls/list.htm - Successful
2019-05-26 23:22:03.683 - http://www2.scut.edu.cn/MoSE/kyry/list.htm - Successful
2019-05-26 23:22:03.778 - http://www2.scut.edu.cn/MoSE/kzjs/list.htm - Successful
2019-05-26 23:22:03.832 - http://www2.scut.edu.cn/MoSE/zspy/list.htm - Successful
2019-05-26 23:22:03.907 - http://www2.scut.edu.cn/MoSE/zszy/list.htm - Successful
2019-05-26 23:22:03.949 - http://www2.scut.edu.cn/MoSE/pyfa/list.htm - Successful
2019-05-26 23:22:04.010 - http://www2.scut.edu.cn/MoSE/kcsz/list.htm - Successful
2019-05-26 23:22:04.072 - http://www2.scut.edu.cn/MoSE/ksap/list.htm - Successful
2019-05-26 23:22:04.130 - http://www2.scut.edu.cn/MoSE/dwjl/list.htm - Successful
2019-05-26 23:22:04.199 - http://www2.scut.edu.cn/MoSE/xsbg/list.htm - Successful
2019-05-26 23:22:04.258 - http://www2.scut.edu.cn/MoSE/sqyx/list.htm - Successful
2019-05-26 23:22:04.291 - http://www2.scut.edu.cn/MoSE/xshd/list.htm - Successful
2019-05-26 23:22:04.330 - http://www2.scut.edu.cn/MoSE/2019/0505/c21721a316808/page.htm - Successful
2019-05-26 23:22:04.381 - http://www2.scut.edu.cn/_redirect?siteId=415&columnId=21721&articleId=316330 - Successful
2019-05-26 23:22:04.424 - http://www2.scut.edu.cn/MoSE/2019/0410/c21721a313558/page.htm - Successful
2019-05-26 23:22:04.463 - http://www2.scut.edu.cn/MoSE/2019/0410/c21721a313557/page.htm - Successful
2019-05-26 23:22:04.509 - http://www2.scut.edu.cn/_redirect?siteId=415&columnId=21670&articleId=313547 - Successful
2019-05-26 23:22:04.559 - http://www2.scut.edu.cn/_redirect?siteId=415&columnId=21670&articleId=313546 - Successful
2019-05-26 23:22:04.613 - http://www2.scut.edu.cn/_redirect?siteId=415&columnId=21670&articleId=313545 - Successful
2019-05-26 23:22:04.665 - http://www2.scut.edu.cn/_redirect?siteId=415&columnId=21670&articleId=313544 - Successful
2019-05-26 23:22:04.780 - http://www2.scut.edu.cn/_redirect?siteId=415&columnId=21670&articleId=313542 - Successful
2019-05-26 23:22:04.812 - http://www2.scut.edu.cn/MoSE/2019/0517/c21674a318403/page.htm - Successful
2019-05-26 23:22:04.876 - http://www2.scut.edu.cn/MoSE/2019/0510/c21674a317804/page.htm - Successful
2019-05-26 23:22:04.918 - http://www2.scut.edu.cn/MoSE/2019/0509/c21674a317806/page.htm - Successful
2019-05-26 23:22:04.945 - http://www2.scut.edu.cn/MoSE/2019/0430/c21674a316603/page.htm - Successful
2019-05-26 23:22:04.982 - http://www2.scut.edu.cn/MoSE/2019/0428/c21674a316305/page.htm - Successful
2019-05-26 23:22:05.015 - http://www2.scut.edu.cn/MoSE/2019/0409/c21674a312782/page.htm - Successful
2019-05-26 23:22:05.047 - http://www2.scut.edu.cn/MoSE/xwdt/list.htm - Successful
2019-05-26 23:22:05.094 - http://www2.scut.edu.cn/MoSE/2017/0621/c21774a314361/page.htm - Successful
2019-05-26 23:22:05.131 - http://www2.scut.edu.cn/MoSE/2018/0930/c21774a314362/page.htm - Successful
2019-05-26 23:22:07.878 - http://www2.scut.edu.cn/gzic/2018/1015/c15186a288930/page.htm - Successful
2019-05-26 23:22:07.917 - http://www2.scut.edu.cn/MoSE/2018/0730/c21774a314364/page.htm - Successful
2019-05-26 23:22:07.949 - http://www2.scut.edu.cn/MoSE/2018/0331/c21774a314365/page.htm - Successful
2019-05-26 23:22:07.984 - http://www2.scut.edu.cn/MoSE/2018/0930/c21774a314366/page.htm - Successful
2019-05-26 23:22:08.014 - http://www2.scut.edu.cn/MoSE/2017/0621/c21774a314367/page.htm - Successful
2019-05-26 23:22:08.049 - http://www2.scut.edu.cn/MoSE/2018/0330/c21774a314368/page.htm - Successful
2019-05-26 23:22:08.090 - http://www2.scut.edu.cn/MoSE/2018/0925/c21774a314369/page.htm - Successful
2019-05-26 23:22:08.133 - http://www2.scut.edu.cn/MoSE/2019/0326/c21774a314370/page.htm - Successful
2019-05-26 23:22:08.181 - http://www2.scut.edu.cn/MoSE/2017/0621/c21774a314371/page.htm - Successful
2019-05-26 23:22:08.262 - http://www2.scut.edu.cn/MoSE/2018/0930/c21774a314372/page.htm - Successful
2019-05-26 23:22:08.343 - http://www2.scut.edu.cn/MoSE/2017/0621/c21774a314373/page.htm - Successful
2019-05-26 23:22:08.441 - http://www2.scut.edu.cn/MoSE/2018/1018/c21774a314374/page.htm - Successful
2019-05-26 23:22:08.533 - http://www2.scut.edu.cn/MoSE/2018/0716/c21774a314375/page.htm - Successful
2019-05-26 23:22:08.577 - http://www2.scut.edu.cn/MoSE/2018/0730/c21774a314376/page.htm - Successful
2019-05-26 23:22:08.635 - http://www2.scut.edu.cn/MoSE/2018/0530/c21774a314377/page.htm - Successful
2019-05-26 23:22:08.729 - http://www2.scut.edu.cn/MoSE/2018/0402/c21774a314378/page.htm - Successful
2019-05-26 23:22:08.810 - http://www2.scut.edu.cn/MoSE/2018/1008/c21774a314379/page.htm - Successful
2019-05-26 23:22:08.909 - http://www2.scut.edu.cn/MoSE/2018/0719/c21774a314380/page.htm - Successful
2019-05-26 23:22:08.962 - http://www2.scut.edu.cn/MoSE/2018/0719/c21774a314381/page.htm - Successful
2019-05-26 23:22:09.000 - http://www2.scut.edu.cn/MoSE/2019/0401/c21774a314382/page.htm - Successful
2019-05-26 23:22:09.107 - http://www2.scut.edu.cn/MoSE/xstz/list.htm - Successful
2019-05-26 23:22:09.332 - http://www2.scut.edu.cn/MoSE/2019/0524/c21675a319163/page.htm - Successful
2019-05-26 23:22:09.411 - http://www2.scut.edu.cn/MoSE/2019/0520/c21675a318593/page.htm - Successful
2019-05-26 23:22:09.535 - http://www2.scut.edu.cn/MoSE/jwtz/list.htm - Successful
2019-05-26 23:22:09.609 - http://www2.scut.edu.cn/MoSE/ywtz/list.htm - Successful
2019-05-26 23:22:09.703 - http://www2.scut.edu.cn/MoSE/2019/0520/c21676a318892/page.htm - Successful
2019-05-26 23:22:09.745 - http://www2.scut.edu.cn/MoSE/2019/0409/c21676a312774/page.htm - Successful
2019-05-26 23:22:09.779 - http://www2.scut.edu.cn/MoSE/2019/0409/c21676a312775/page.htm - Successful
2019-05-26 23:22:09.815 - http://www2.scut.edu.cn/MoSE/2019/0409/c21676a312773/page.htm - Successful
2019-05-26 23:22:09.866 - http://www2.scut.edu.cn/_redirect?siteId=415&columnId=21677&articleId=319068 - Successful
2019-05-26 23:22:09.934 - http://www2.scut.edu.cn/_redirect?siteId=415&columnId=21677&articleId=319040 - Successful
2019-05-26 23:22:10.009 - http://www2.scut.edu.cn/MoSE/2019/0409/c21677a312774/page.htm - Successful
2019-05-26 23:22:10.086 - http://www2.scut.edu.cn/MoSE/2019/0409/c21677a312775/page.htm - Successful
2019-05-26 23:22:10.138 - http://www2.scut.edu.cn/MoSE/2019/0409/c21677a312773/page.htm - Successful
2019-05-26 23:22:10.263 - http://www2.scut.edu.cn/MoSE/2019/0104/c21678a312768/page.htm - Successful
2019-05-26 23:22:10.321 - http://www2.scut.edu.cn/MoSE/2018/1220/c21678a312769/page.htm - Successful
2019-05-26 23:22:10.365 - http://www2.scut.edu.cn/MoSE/2018/1016/c21678a312770/page.htm - Successful
2019-05-26 23:22:10.608 - http://www2.scut.edu.cn/MoSE/2018/0911/c21678a312771/page.htm - Successful
2019-05-26 23:22:10.706 - http://www2.scut.edu.cn/MoSE/2018/0718/c21678a312772/page.htm - Successful
2019-05-26 23:22:10.761 - http://www2.scut.edu.cn/MoSE/2019/0321/c21774a314363/page.htm - Successful
2019-05-26 23:22:10.833 - http://www2.scut.edu.cn/MoSE/xysy/list.htm - Successful
2019-05-26 23:22:10.877 - http://www2.scut.edu.cn/MoSE/2019/0409/c21679a312759/page.htm - Successful
2019-05-26 23:22:11.025 - http://www2.scut.edu.cn/MoSE/2019/0409/c21679a312758/page.htm - Successful
2019-05-26 23:22:11.423 - http://www2.scut.edu.cn/MoSE/2019/0411/c21679a313744/page.htm - Successful
2019-05-26 23:22:11.494 - http://www2.scut.edu.cn/MoSE/2019/0520/c21691a318719/page.htm - Successful
2019-05-26 23:22:11.595 - http://www2.scut.edu.cn/_web/search/doSearch.do?locale=zh_CN&request_locale=zh_CN&_p=YXM9MzM0JnQ9MjE0OSZkPTcyOTkmcD0yJmY9MTczNDAmbT1OJg__ - Successful
2019-05-26 23:22:11.666 - http://www2.scut.edu.cn/bmse/16716/list.htm - Successful
2019-05-26 23:22:11.744 - http://www2.scut.edu.cn/bmse/16725/list.htm - Successful
2019-05-26 23:22:11.792 - http://www2.scut.edu.cn/bmse/16729/list.htm - Successful
2019-05-26 23:22:11.888 - http://www2.scut.edu.cn/bmse/17184/list.htm - Successful
2019-05-26 23:22:11.925 - http://www2.scut.edu.cn/bmse/16719/list.htm - Successful
2019-05-26 23:22:11.958 - http://www2.scut.edu.cn/bmse/16739/list.htm - Successful
2019-05-26 23:22:11.992 - http://www2.scut.edu.cn/bmse/16740/list.htm - Successful
2019-05-26 23:22:12.021 - http://www2.scut.edu.cn/bmse/21274/list.htm - Successful
2019-05-26 23:22:12.046 - http://www2.scut.edu.cn/bmse/21275/list.htm - Successful
2019-05-26 23:22:12.072 - http://www2.scut.edu.cn/bmse/16720/list.htm - Successful
2019-05-26 23:22:12.107 - http://www2.scut.edu.cn/bmse/16743/list.htm - Successful
2019-05-26 23:22:16.410 - http://www2.scut.edu.cn/MoSE/2018/0608/c21678a312767/page.htm - Successful
2019-05-26 23:22:16.466 - http://www2.scut.edu.cn/bmse/kxyj/list.htm - Successful
2019-05-26 23:22:16.520 - http://www2.scut.edu.cn/bmse/20810/list.htm - Successful
2019-05-26 23:22:16.572 - http://www2.scut.edu.cn/bmse/20811/list.htm - Successful
2019-05-26 23:22:16.613 - http://www2.scut.edu.cn/bmse/20813/list.htm - Successful
2019-05-26 23:22:16.658 - http://www2.scut.edu.cn/bmse/16730/list.htm - Successful
2019-05-26 23:22:16.704 - http://www2.scut.edu.cn/bmse/16731/list.htm - Successful
2019-05-26 23:22:16.741 - http://www2.scut.edu.cn/bmse/16732/list.htm - Successful
2019-05-26 23:22:16.770 - http://www2.scut.edu.cn/bmse/gjhz/list.htm - Successful
2019-05-26 23:22:16.800 - http://www2.scut.edu.cn/bmse/16723/list.htm - Successful
2019-05-26 23:22:16.835 - http://www2.scut.edu.cn/bmse/16745/list.htm - Successful
2019-05-26 23:22:16.869 - http://www2.scut.edu.cn/bmse/16746/list.htm - Successful
2019-05-26 23:22:16.905 - http://www2.scut.edu.cn/bmse/2019/0125/c19945a306569/page.htm - Successful
2019-05-26 23:22:16.961 - http://www2.scut.edu.cn/bmse/2019/0125/c19945a306568/page.htm - Successful
2019-05-26 23:22:16.997 - http://www2.scut.edu.cn/bmse/2018/1017/c19945a295054/page.htm - Successful
2019-05-26 23:22:17.031 - http://www2.scut.edu.cn/bmse/16874/list.htm - Successful
2019-05-26 23:22:17.068 - http://www2.scut.edu.cn/bmse/2019/0409/c16874a312787/page.htm - Successful
2019-05-26 23:22:17.110 - http://www2.scut.edu.cn/bmse/2019/0117/c16874a307067/page.htm - Successful
2019-05-26 23:22:17.148 - http://www2.scut.edu.cn/bmse/2019/0107/c16874a302482/page.htm - Successful
2019-05-26 23:22:17.188 - http://www2.scut.edu.cn/bmse/2018/1228/c16874a301541/page.htm - Successful
2019-05-26 23:22:17.227 - http://www2.scut.edu.cn/bmse/2018/1224/c16874a301098/page.htm - Successful
2019-05-26 23:22:17.263 - http://www2.scut.edu.cn/bmse/2018/1219/c16874a300611/page.htm - Successful
2019-05-26 23:22:17.302 - http://www2.scut.edu.cn/bmse/xsjz/list.htm - Successful
2019-05-26 23:22:17.364 - http://www2.scut.edu.cn/bmse/2019/0521/c20776a318795/page.htm - Successful
2019-05-26 23:22:17.405 - http://www2.scut.edu.cn/bmse/2019/0521/c20776a318791/page.htm - Successful
2019-05-26 23:22:17.460 - http://www2.scut.edu.cn/bmse/2019/0430/c20776a316686/page.htm - Successful
2019-05-26 23:22:17.515 - http://www2.scut.edu.cn/bmse/2019/0425/c20776a315847/page.htm - Successful
2019-05-26 23:22:17.652 - http://www2.scut.edu.cn/bmse/2019/0424/c20776a315522/page.htm - Successful
2019-05-26 23:22:17.771 - http://www2.scut.edu.cn/bmse/2019/0417/c20776a314243/page.htm - Successful
2019-05-26 23:22:17.784 - http://www2.scut.edu.cn/bmse/21277/list.htm - Successful
2019-05-26 23:22:17.838 - http://www2.scut.edu.cn/bmse/16875/list.htm - Successful
2019-05-26 23:22:17.866 - http://www2.scut.edu.cn/_redirect?siteId=334&columnId=16875&articleId=318141 - Successful
2019-05-26 23:22:17.895 - http://www2.scut.edu.cn/bmse/2019/0415/c16875a313948/page.htm - Successful
2019-05-26 23:22:17.919 - http://www2.scut.edu.cn/bmse/2019/0404/c16875a312507/page.htm - Successful
2019-05-26 23:22:17.945 - http://www2.scut.edu.cn/bmse/kyjj/list.htm - Successful
2019-05-26 23:22:17.967 - http://www2.scut.edu.cn/bmse/2018/1213/c20854a299779/page.htm - Successful
2019-05-26 23:22:17.994 - http://www2.scut.edu.cn/bmse/2018/1019/c20854a299782/page.htm - Successful
2019-05-26 23:22:18.009 - http://www2.scut.edu.cn/bmse/2018/1008/c20854a299783/page.htm - Successful
2019-05-26 23:22:18.041 - http://www2.scut.edu.cn/bmse/2019/0514/c21956a318127/page.htm - Successful
2019-05-26 23:22:18.091 - http://www2.scut.edu.cn/_redirect?siteId=334&columnId=19944&articleId=295047 - Successful
2019-05-26 23:22:18.108 - http://www2.scut.edu.cn/_redirect?siteId=334&columnId=19944&articleId=295048 - Successful
2019-05-26 23:22:18.161 - http://www2.scut.edu.cn/_redirect?siteId=334&columnId=19944&articleId=295049 - Successful
2019-05-26 23:22:18.166 - http://www2.scut.edu.cn/wusie/main.htm - Successful
2019-05-26 23:22:18.226 - http://www2.scut.edu.cn/wusie/20659/list.htm - Successful
2019-05-26 23:22:18.227 - http://www2.scut.edu.cn/wusie/xygk/list.htm - Successful
2019-05-26 23:22:18.272 - http://www2.scut.edu.cn/wusie/20660/list.htm - Successful
2019-05-26 23:22:18.281 - http://www2.scut.edu.cn/wusie/20665/list.htm - Successful
2019-05-26 23:22:18.345 - http://www2.scut.edu.cn/wusie/20662/list.htm - Successful
2019-05-26 23:22:18.347 - http://www2.scut.edu.cn/wusie/20663/list.htm - Successful
2019-05-26 23:22:18.420 - http://www2.scut.edu.cn/wusie/20664/list.htm - Successful
2019-05-26 23:22:18.452 - http://www2.scut.edu.cn/wusie/szdw/list.htm - Successful
2019-05-26 23:22:18.482 - http://www2.scut.edu.cn/wusie/20668/list.htm - Successful
2019-05-26 23:22:18.510 - http://www2.scut.edu.cn/wusie/20669/list.htm - Successful
2019-05-26 23:22:18.536 - http://www2.scut.edu.cn/wusie/20670/list.htm - Successful
2019-05-26 23:22:18.566 - http://www2.scut.edu.cn/wusie/kxyj/list.htm - Successful
2019-05-26 23:22:18.596 - http://www2.scut.edu.cn/wusie/20671/list.htm - Successful
2019-05-26 23:22:18.618 - http://www2.scut.edu.cn/wusie/20672/list.htm - Successful
2019-05-26 23:22:18.652 - http://www2.scut.edu.cn/wusie/20674/list.htm - Successful
2019-05-26 23:22:18.685 - http://www2.scut.edu.cn/wusie/bksjy/list.htm - Successful
2019-05-26 23:22:18.717 - http://www2.scut.edu.cn/wusie/20675/list.htm - Successful
2019-05-26 23:22:18.750 - http://www2.scut.edu.cn/wusie/20676/list.htm - Successful
2019-05-26 23:22:18.784 - http://www2.scut.edu.cn/wusie/20677/list.htm - Successful
2019-05-26 23:22:18.823 - http://www2.scut.edu.cn/wusie/20678/list.htm - Successful
2019-05-26 23:22:18.862 - http://www2.scut.edu.cn/wusie/20679/list.htm - Successful
2019-05-26 23:22:18.892 - http://www2.scut.edu.cn/wusie/20680/list.htm - Successful
2019-05-26 23:22:18.926 - http://www2.scut.edu.cn/wusie/20681/list.htm - Successful
2019-05-26 23:22:18.961 - http://www2.scut.edu.cn/wusie/20682/list.htm - Successful
2019-05-26 23:22:19.001 - http://www2.scut.edu.cn/wusie/yjsjy/list.htm - Successful
2019-05-26 23:22:19.044 - http://www2.scut.edu.cn/wusie/20683/list.htm - Successful
